d:\_spinecad\1_dev\hly_med_spinecad\hly_med_spinecad\spn_cmn_math\x64\rlswdbg\hly_cmn_math.pch
d:\_spinecad\1_dev\hly_med_spinecad\hly_med_spinecad\spn_cmn_math\x64\rlswdbg\hly_cmn_math.pdb
d:\_spinecad\1_dev\hly_med_spinecad\hly_med_spinecad\spn_cmn_math\x64\rlswdbg\pch.obj
d:\_spinecad\1_dev\hly_med_spinecad\hly_med_spinecad\spn_cmn_math\x64\rlswdbg\spn_cmn_science.obj
d:\_spinecad\1_dev\hly_med_spinecad\hly_med_spinecad\spn_cmn_math\x64\rlswdbg\spn_cmn_math.obj
d:\_spinecad\1_dev\hly_med_spinecad\hly_med_spinecad\spn_cmn_math\x64\rlswdbg\spn_cmn_gui_coordsvr.obj
d:\_spinecad\1_dev\hly_med_spinecad\hly_med_spinecad\spn_cmn_math\x64\rlswdbg\spn_cmn_attrset.obj
d:\_spinecad\1_dev\hly_med_spinecad\hly_med_spinecad\spn_cmn_math\x64\rlswdbg\spn_cmn_3dmtx.obj
d:\_spinecad\1_dev\hly_med_spinecad\hly_med_spinecad\spn_cmn_math\x64\rlswdbg\spn_cmn_3dpoint.obj
d:\_spinecad\1_dev\hly_med_spinecad\hly_med_spinecad\spn_cmn_math\x64\rlswdbg\spn_cmn_3dplane.obj
d:\_spinecad\1_dev\hly_med_spinecad\hly_med_spinecad\spn_cmn_math\x64\rlswdbg\spn_cmn_3dline.obj
d:\_spinecad\1_dev\hly_med_spinecad\hly_med_spinecad\spn_cmn_math\x64\rlswdbg\spn_cmn_3dcuboid.obj
d:\_spinecad\1_dev\hly_med_spinecad\hly_med_spinecad\spn_cmn_math\x64\rlswdbg\spn_cmn_2dsize.obj
d:\_spinecad\1_dev\hly_med_spinecad\hly_med_spinecad\spn_cmn_math\x64\rlswdbg\spn_cmn_2drect.obj
d:\_spinecad\1_dev\hly_med_spinecad\hly_med_spinecad\spn_cmn_math\x64\rlswdbg\spn_cmn_2dpoint.obj
d:\_spinecad\1_dev\hly_med_spinecad\hly_med_spinecad\spn_cmn_math\x64\rlswdbg\spn_cmn_2dline.obj
d:\_spinecad\1_dev\hly_med_spinecad\hly_med_spinecad\lib_rslt\bin\x64\rlswdbg\hly_cmn_math.lib
d:\_spinecad\1_dev\hly_med_spinecad\hly_med_spinecad\spn_cmn_math\x64\rlswdbg\hly_cmn_math.tlog\cl.command.1.tlog
d:\_spinecad\1_dev\hly_med_spinecad\hly_med_spinecad\spn_cmn_math\x64\rlswdbg\hly_cmn_math.tlog\cl.read.1.tlog
d:\_spinecad\1_dev\hly_med_spinecad\hly_med_spinecad\spn_cmn_math\x64\rlswdbg\hly_cmn_math.tlog\cl.write.1.tlog
d:\_spinecad\1_dev\hly_med_spinecad\hly_med_spinecad\spn_cmn_math\x64\rlswdbg\hly_cmn_math.tlog\lib-link.read.1.tlog
d:\_spinecad\1_dev\hly_med_spinecad\hly_med_spinecad\spn_cmn_math\x64\rlswdbg\hly_cmn_math.tlog\lib-link.write.1.tlog
d:\_spinecad\1_dev\hly_med_spinecad\hly_med_spinecad\spn_cmn_math\x64\rlswdbg\hly_cmn_math.tlog\lib.command.1.tlog
